2024-04-23T19:14:22.589+01:00  INFO 7376 --- [spring-boot-localstack] [main] p.f.s.s.SpringBootLocalstackApplication  : Starting SpringBootLocalstackApplication using Java 17.0.10 with PID 7376 (N:\pet-projects\spring-boot-localstack\target\classes started by fabio.siqueira in N:\pet-projects\spring-boot-localstack)
2024-04-23T19:14:22.592+01:00  INFO 7376 --- [spring-boot-localstack] [main] p.f.s.s.SpringBootLocalstackApplication  : No active profile set, falling back to 1 default profile: "default"
2024-04-23T19:14:23.421+01:00  INFO 7376 --- [spring-boot-localstack] [main] o.s.cloud.context.scope.GenericScope     : BeanFactory id=005c37f6-0cab-3c8c-897b-9fe37c0a2925
2024-04-23T19:14:23.800+01:00  INFO 7376 --- [spring-boot-localstack] [main] o.s.b.w.embedded.tomcat.TomcatWebServer  : Tomcat initialized with port 8080 (http)
2024-04-23T19:14:23.811+01:00  INFO 7376 --- [spring-boot-localstack] [main] o.apache.catalina.core.StandardService   : Starting service [Tomcat]
2024-04-23T19:14:23.812+01:00  INFO 7376 --- [spring-boot-localstack] [main] o.apache.catalina.core.StandardEngine    : Starting Servlet engine: [Apache Tomcat/10.1.20]
2024-04-23T19:14:23.913+01:00  INFO 7376 --- [spring-boot-localstack] [main] o.a.c.c.C.[Tomcat].[localhost].[/]       : Initializing Spring embedded WebApplicationContext
2024-04-23T19:14:23.914+01:00  INFO 7376 --- [spring-boot-localstack] [main] w.s.c.ServletWebServerApplicationContext : Root WebApplicationContext: initialization completed in 1243 ms
2024-04-23T19:14:24.623+01:00  INFO 7376 --- [spring-boot-localstack] [main] o.s.b.w.embedded.tomcat.TomcatWebServer  : Tomcat started on port 8080 (http) with context path ''
2024-04-23T19:14:24.795+01:00  INFO 7376 --- [spring-boot-localstack] [main] p.f.s.s.SpringBootLocalstackApplication  : Started SpringBootLocalstackApplication in 2.946 seconds (process running for 3.449)
2024-04-23T19:15:40.608+01:00  INFO 19920 --- [spring-boot-localstack] [main] p.f.s.s.SpringBootLocalstackApplication  : Starting SpringBootLocalstackApplication using Java 17.0.10 with PID 19920 (N:\pet-projects\spring-boot-localstack\target\classes started by fabio.siqueira in N:\pet-projects\spring-boot-localstack)
2024-04-23T19:15:40.612+01:00  INFO 19920 --- [spring-boot-localstack] [main] p.f.s.s.SpringBootLocalstackApplication  : No active profile set, falling back to 1 default profile: "default"
2024-04-23T19:15:41.361+01:00  INFO 19920 --- [spring-boot-localstack] [main] o.s.cloud.context.scope.GenericScope     : BeanFactory id=005c37f6-0cab-3c8c-897b-9fe37c0a2925
2024-04-23T19:15:41.688+01:00  INFO 19920 --- [spring-boot-localstack] [main] o.s.b.w.embedded.tomcat.TomcatWebServer  : Tomcat initialized with port 8080 (http)
2024-04-23T19:15:41.696+01:00  INFO 19920 --- [spring-boot-localstack] [main] o.apache.catalina.core.StandardService   : Starting service [Tomcat]
2024-04-23T19:15:41.696+01:00  INFO 19920 --- [spring-boot-localstack] [main] o.apache.catalina.core.StandardEngine    : Starting Servlet engine: [Apache Tomcat/10.1.20]
2024-04-23T19:15:41.763+01:00  INFO 19920 --- [spring-boot-localstack] [main] o.a.c.c.C.[Tomcat].[localhost].[/]       : Initializing Spring embedded WebApplicationContext
2024-04-23T19:15:41.763+01:00  INFO 19920 --- [spring-boot-localstack] [main] w.s.c.ServletWebServerApplicationContext : Root WebApplicationContext: initialization completed in 1106 ms
2024-04-23T19:15:42.387+01:00  INFO 19920 --- [spring-boot-localstack] [main] o.s.b.w.embedded.tomcat.TomcatWebServer  : Tomcat started on port 8080 (http) with context path ''
2024-04-23T19:15:42.586+01:00  INFO 19920 --- [spring-boot-localstack] [main] p.f.s.s.SpringBootLocalstackApplication  : Started SpringBootLocalstackApplication in 2.619 seconds (process running for 3.107)
